# JRE version: Java(TM) SE Runtime Environment (11.0.1+13) (build 11.0.1+13-LTS)
# Java VM: Java HotSpot(TM) 64-Bit Server VM (11.0.1+13-LTS, mixed mode, tiered, compressed oops, g1 gc, windows-amd64)
Heap:
 garbage-first heap   total 368640K, used 334192K [0x00000000c0000000, 0x0000000100000000)
  region size 1024K, 68 young (69632K), 5 survivors (5120K)
 Metaspace       used 143577K, capacity 158561K, committed 158740K, reserved 1187840K
  class space    used 15884K, capacity 20328K, committed 20380K, reserved 1048576K
GC Heap History (10 events):
Event: 61509.399 GC heap before
{Heap before GC invocations=607 (full 0):
 garbage-first heap   total 347136K, used 285550K [0x00000000c0000000, 0x0000000100000000)
  region size 1024K, 84 young (86016K), 3 survivors (3072K)
 Metaspace       used 143548K, capacity 158559K, committed 158740K, reserved 1187840K
  class space    used 15884K, capacity 20328K, committed 20380K, reserved 1048576K
}
Event: 61509.408 GC heap after
{Heap after GC invocations=608 (full 0):
 garbage-first heap   total 347136K, used 214107K [0x00000000c0000000, 0x0000000100000000)
  region size 1024K, 11 young (11264K), 11 survivors (11264K)
 Metaspace       used 143548K, capacity 158559K, committed 158740K, reserved 1187840K
  class space    used 15884K, capacity 20328K, committed 20380K, reserved 1048576K
}
Event: 61518.225 GC heap before
{Heap before GC invocations=608 (full 0):
 garbage-first heap   total 347136K, used 288859K [0x00000000c0000000, 0x0000000100000000)
  region size 1024K, 84 young (86016K), 11 survivors (11264K)
 Metaspace       used 143557K, capacity 158559K, committed 158740K, reserved 1187840K
  class space    used 15884K, capacity 20328K, committed 20380K, reserved 1048576K
}
Event: 61518.234 GC heap after
{Heap after GC invocations=609 (full 0):
 garbage-first heap   total 347136K, used 214916K [0x00000000c0000000, 0x0000000100000000)
  region size 1024K, 2 young (2048K), 2 survivors (2048K)
 Metaspace       used 143557K, capacity 158559K, committed 158740K, reserved 1187840K
  class space    used 15884K, capacity 20328K, committed 20380K, reserved 1048576K
}
Event: 61549.043 GC heap before
{Heap before GC invocations=610 (full 0):
 garbage-first heap   total 347136K, used 286596K [0x00000000c0000000, 0x0000000100000000)
  region size 1024K, 76 young (77824K), 2 survivors (2048K)
 Metaspace       used 143569K, capacity 158561K, committed 158740K, reserved 1187840K
  class space    used 15884K, capacity 20328K, committed 20380K, reserved 1048576K
}
Event: 61549.056 GC heap after
{Heap after GC invocations=611 (full 0):
 garbage-first heap   total 347136K, used 218715K [0x00000000c0000000, 0x0000000100000000)
  region size 1024K, 9 young (9216K), 9 survivors (9216K)
 Metaspace       used 143569K, capacity 158561K, committed 158740K, reserved 1187840K
  class space    used 15884K, capacity 20328K, committed 20380K, reserved 1048576K
}
Event: 61549.074 GC heap before
{Heap before GC invocations=611 (full 0):
 garbage-first heap   total 347136K, used 225883K [0x00000000c0000000, 0x0000000100000000)
  region size 1024K, 16 young (16384K), 9 survivors (9216K)
 Metaspace       used 143570K, capacity 158561K, committed 158740K, reserved 1187840K
  class space    used 15884K, capacity 20328K, committed 20380K, reserved 1048576K
}
Event: 61549.087 GC heap after
{Heap after GC invocations=612 (full 0):
 garbage-first heap   total 347136K, used 195882K [0x00000000c0000000, 0x0000000100000000)
  region size 1024K, 2 young (2048K), 2 survivors (2048K)
 Metaspace       used 143570K, capacity 158561K, committed 158740K, reserved 1187840K
  class space    used 15884K, capacity 20328K, committed 20380K, reserved 1048576K
}
Event: 61561.577 GC heap before
{Heap before GC invocations=612 (full 0):
 garbage-first heap   total 347136K, used 306474K [0x00000000c0000000, 0x0000000100000000)
  region size 1024K, 62 young (63488K), 2 survivors (2048K)
 Metaspace       used 143577K, capacity 158561K, committed 158740K, reserved 1187840K
  class space    used 15884K, capacity 20328K, committed 20380K, reserved 1048576K
}
Event: 61561.589 GC heap after
{Heap after GC invocations=613 (full 0):
 garbage-first heap   total 347136K, used 213360K [0x00000000c0000000, 0x0000000100000000)
  region size 1024K, 5 young (5120K), 5 survivors (5120K)
 Metaspace       used 143577K, capacity 158561K, committed 158740K, reserved 1187840K
  class space    used 15884K, capacity 20328K, committed 20380K, reserved 1048576K
}

